This file contains any messages produced by compilers while
running configure, to aid debugging if configure makes a mistake.

It was created by lame configure 3.99.5, which was
generated by GNU Autoconf 2.68.  Invocation command line was

  $ /Users/bytedance/Audio-Video-Learning/LearningAudioVideo/lame-3.99.5/.//configure --disable-shared --disable-frontend --host=i386-apple-darwin --prefix=/Users/bytedance/Audio-Video-Learning/LearningAudioVideo/lame-3.99.5/thin-lame/i386 CC=xcrun -sdk iphonesimulator clang -arch i386 CFLAGS=-arch i386 -mios-simulator-version-min=5.0 -fembed-bitcode LDFLAGS=-arch i386 -mios-simulator-version-min=5.0 -fembed-bitcode

## --------- ##
## Platform. ##
## --------- ##

hostname = C02CM071MD6P
uname -m = x86_64
uname -r = 19.5.0
uname -s = Darwin
uname -v = Darwin Kernel Version 19.5.0: Tue May 26 20:41:44 PDT 2020; root:xnu-6153.121.2~2/RELEASE_X86_64

/usr/bin/uname -p = i386
/bin/uname -X     = unknown

/bin/arch              = unknown
/usr/bin/arch -k       = unknown
/usr/convex/getsysinfo = unknown
/usr/bin/hostinfo      = Mach kernel version:
	 Darwin Kernel Version 19.5.0: Tue May 26 20:41:44 PDT 2020; root:xnu-6153.121.2~2/RELEASE_X86_64
Kernel configured for up to 12 processors.
6 processors are physically available.
12 processors are logically available.
Processor type: x86_64h (Intel x86-64h Haswell)
Processors active: 0 1 2 3 4 5 6 7 8 9 10 11
Primary memory available: 16.00 gigabytes
Default processor set: 787 tasks, 3088 threads, 12 processors
Load average: 2.91, Mach factor: 9.08
/bin/machine           = unknown
/usr/bin/oslevel       = unknown
/bin/universe          = unknown

PATH: /usr/local/bin
PATH: /usr/bin
PATH: /bin
PATH: /usr/sbin
PATH: /sbin
PATH: /opt/puppetlabs/bin
PATH: /usr/local/munki
PATH: /Library/Apple/usr/bin
PATH: /Library/Frameworks/Mono.framework/Versions/Current/Commands
PATH: /Users/bytedance/.bitcode-env/current/bctool


## ----------- ##
## Core tests. ##
## ----------- ##

configure:2555: checking build system type
configure:2569: result: i686-apple-darwin19.5.0
configure:2589: checking host system type
configure:2602: result: i386-apple-darwin
configure:2639: checking for a BSD-compatible install
configure:2707: result: /usr/bin/install -c
configure:2718: checking whether build environment is sane
configure:2768: result: yes
configure:2817: checking for i386-apple-darwin-strip
configure:2847: result: no
configure:2857: checking for strip
configure:2873: found /usr/bin/strip
configure:2884: result: strip
configure:2909: checking for a thread-safe mkdir -p
configure:2948: result: /Users/bytedance/Audio-Video-Learning/LearningAudioVideo/lame-3.99.5/./install-sh -c -d
configure:2961: checking for gawk
configure:2991: result: no
configure:2961: checking for mawk
configure:2991: result: no
configure:2961: checking for nawk
configure:2991: result: no
configure:2961: checking for awk
configure:2977: found /usr/bin/awk
configure:2988: result: awk
configure:2999: checking whether make sets $(MAKE)
configure:3021: result: yes
configure:3104: checking whether to enable maintainer-specific portions of Makefiles
configure:3113: result: no
configure:3133: checking for style of include used by make
configure:3161: result: GNU
configure:3197: checking for i386-apple-darwin-gcc
configure:3224: result: xcrun -sdk iphonesimulator clang -arch i386
configure:3493: checking for C compiler version
configure:3502: xcrun -sdk iphonesimulator clang -arch i386 --version >&5
Apple clang version 12.0.0 (clang-1200.0.32.21)
Target: i386-apple-darwin19.5.0
Thread model: posix
InstalledDir: /Applications/Xcode.app/Contents/Developer/Toolchains/XcodeDefault.xctoolchain/usr/bin
configure:3513: $? = 0
configure:3502: xcrun -sdk iphonesimulator clang -arch i386 -v >&5
Apple clang version 12.0.0 (clang-1200.0.32.21)
Target: i386-apple-darwin19.5.0
Thread model: posix
InstalledDir: /Applications/Xcode.app/Contents/Developer/Toolchains/XcodeDefault.xctoolchain/usr/bin
configure:3513: $? = 0
configure:3502: xcrun -sdk iphonesimulator clang -arch i386 -V >&5
clang: error: argument to '-V' is missing (expected 1 value)
clang: error: no input files
configure:3513: $? = 1
configure:3502: xcrun -sdk iphonesimulator clang -arch i386 -qversion >&5
clang: error: unknown argument '-qversion'; did you mean '--version'?
clang: error: no input files
configure:3513: $? = 1
configure:3533: checking whether the C compiler works
configure:3555: xcrun -sdk iphonesimulator clang -arch i386 -arch i386 -mios-simulator-version-min=5.0 -fembed-bitcode  -arch i386 -mios-simulator-version-min=5.0 -fembed-bitcode conftest.c  >&5
Undefined symbols for architecture i386:
  "start", referenced from:
     implicit entry/start for main executable
ld: symbol(s) not found for architecture i386
clang: error: linker command failed with exit code 1 (use -v to see invocation)
configure:3559: $? = 1
configure:3597: result: no
configure: failed program was:
| /* confdefs.h */
| #define PACKAGE_NAME "lame"
| #define PACKAGE_TARNAME "lame"
| #define PACKAGE_VERSION "3.99.5"
| #define PACKAGE_STRING "lame 3.99.5"
| #define PACKAGE_BUGREPORT "lame-dev@lists.sf.net"
| #define PACKAGE_URL ""
| #define PACKAGE "lame"
| #define VERSION "3.99.5"
| /* end confdefs.h.  */
| 
| int
| main ()
| {
| 
|   ;
|   return 0;
| }
configure:3602: error: in `/Users/bytedance/Audio-Video-Learning/LearningAudioVideo/lame-3.99.5/i386':
configure:3604: error: C compiler cannot create executables
See `config.log' for more details

## ---------------- ##
## Cache variables. ##
## ---------------- ##

ac_cv_build=i686-apple-darwin19.5.0
ac_cv_env_CC_set=set
ac_cv_env_CC_value='xcrun -sdk iphonesimulator clang -arch i386'
ac_cv_env_CFLAGS_set=set
ac_cv_env_CFLAGS_value='-arch i386 -mios-simulator-version-min=5.0 -fembed-bitcode'
ac_cv_env_CPPFLAGS_set=
ac_cv_env_CPPFLAGS_value=
ac_cv_env_CPP_set=
ac_cv_env_CPP_value=
ac_cv_env_LDFLAGS_set=set
ac_cv_env_LDFLAGS_value='-arch i386 -mios-simulator-version-min=5.0 -fembed-bitcode'
ac_cv_env_LIBS_set=
ac_cv_env_LIBS_value=
ac_cv_env_PKG_CONFIG_LIBDIR_set=
ac_cv_env_PKG_CONFIG_LIBDIR_value=
ac_cv_env_PKG_CONFIG_PATH_set=
ac_cv_env_PKG_CONFIG_PATH_value=
ac_cv_env_PKG_CONFIG_set=
ac_cv_env_PKG_CONFIG_value=
ac_cv_env_SNDFILE_CFLAGS_set=
ac_cv_env_SNDFILE_CFLAGS_value=
ac_cv_env_SNDFILE_LIBS_set=
ac_cv_env_SNDFILE_LIBS_value=
ac_cv_env_build_alias_set=
ac_cv_env_build_alias_value=
ac_cv_env_host_alias_set=set
ac_cv_env_host_alias_value=i386-apple-darwin
ac_cv_env_target_alias_set=
ac_cv_env_target_alias_value=
ac_cv_host=i386-apple-darwin
ac_cv_path_install='/usr/bin/install -c'
ac_cv_prog_AWK=awk
ac_cv_prog_CC='xcrun -sdk iphonesimulator clang -arch i386'
ac_cv_prog_ac_ct_STRIP=strip
ac_cv_prog_make_make_set=yes

## ----------------- ##
## Output variables. ##
## ----------------- ##

ACLOCAL='${SHELL} /Users/bytedance/Audio-Video-Learning/LearningAudioVideo/lame-3.99.5/missing --run aclocal-1.11'
ALLOCA=''
AMDEPBACKSLASH='\'
AMDEP_FALSE='#'
AMDEP_TRUE=''
AMTAR='${SHELL} /Users/bytedance/Audio-Video-Learning/LearningAudioVideo/lame-3.99.5/missing --run tar'
ANSI2KNR=''
AR=''
AUTOCONF='${SHELL} /Users/bytedance/Audio-Video-Learning/LearningAudioVideo/lame-3.99.5/missing --run autoconf'
AUTOHEADER='${SHELL} /Users/bytedance/Audio-Video-Learning/LearningAudioVideo/lame-3.99.5/missing --run autoheader'
AUTOMAKE='${SHELL} /Users/bytedance/Audio-Video-Learning/LearningAudioVideo/lame-3.99.5/missing --run automake-1.11'
AWK='awk'
CC='xcrun -sdk iphonesimulator clang -arch i386'
CCDEPMODE=''
CFLAGS='-arch i386 -mios-simulator-version-min=5.0 -fembed-bitcode'
CONFIG_DEFS=''
CONFIG_MATH_LIB=''
CPP=''
CPPFLAGS=''
CPUCCODE=''
CPUTYPE=''
CYGPATH_W='echo'
DEFS=''
DEPDIR='.deps'
DSYMUTIL=''
DUMPBIN=''
ECHO_C='\c'
ECHO_N=''
ECHO_T=''
EGREP=''
EXEEXT=''
FGREP=''
FRONTEND_CFLAGS=''
FRONTEND_LDADD=''
FRONTEND_LDFLAGS=''
GREP=''
GTK_CFLAGS=''
GTK_CONFIG=''
GTK_LIBS=''
HAVE_NASM_FALSE=''
HAVE_NASM_TRUE=''
INCLUDES=''
INSTALL_DATA='${INSTALL} -m 644'
INSTALL_PROGRAM='${INSTALL}'
INSTALL_SCRIPT='${INSTALL}'
INSTALL_STRIP_PROGRAM='$(install_sh) -c -s'
LD=''
LDADD=''
LDFLAGS='-arch i386 -mios-simulator-version-min=5.0 -fembed-bitcode'
LIBICONV=''
LIBOBJS=''
LIBS=''
LIBTOOL=''
LIBTOOL_DEPS=''
LIB_MAJOR_VERSION=''
LIB_MINOR_VERSION=''
LIB_WITH_DECODER_FALSE=''
LIB_WITH_DECODER_TRUE=''
LIPO=''
LN_S=''
LTLIBICONV=''
LTLIBOBJS=''
MAINT='#'
MAINTAINER_MODE_FALSE=''
MAINTAINER_MODE_TRUE='#'
MAKEDEP=''
MAKEINFO='${SHELL} /Users/bytedance/Audio-Video-Learning/LearningAudioVideo/lame-3.99.5/missing --run makeinfo'
MKDIR_P='/Users/bytedance/Audio-Video-Learning/LearningAudioVideo/lame-3.99.5/./install-sh -c -d'
NASM=''
NASM_FORMAT=''
NM=''
NMEDIT=''
OBJDUMP=''
OBJEXT=''
OTOOL64=''
OTOOL=''
PACKAGE='lame'
PACKAGE_BUGREPORT='lame-dev@lists.sf.net'
PACKAGE_NAME='lame'
PACKAGE_STRING='lame 3.99.5'
PACKAGE_TARNAME='lame'
PACKAGE_URL=''
PACKAGE_VERSION='3.99.5'
PATH_SEPARATOR=':'
PKG_CONFIG=''
PKG_CONFIG_LIBDIR=''
PKG_CONFIG_PATH=''
RANLIB=''
RM_F=''
SED=''
SET_MAKE=''
SHELL='/bin/sh'
SNDFILE_CFLAGS=''
SNDFILE_LIBS=''
STRIP='strip'
U=''
VERSION='3.99.5'
WITH_FRONTEND=''
WITH_MP3RTP=''
WITH_MP3X=''
WITH_VECTOR_FALSE=''
WITH_VECTOR_TRUE=''
WITH_XMM_FALSE=''
WITH_XMM_TRUE=''
ac_ct_CC=''
ac_ct_DUMPBIN=''
am__EXEEXT_FALSE=''
am__EXEEXT_TRUE=''
am__fastdepCC_FALSE=''
am__fastdepCC_TRUE=''
am__include='include'
am__isrc=' -I$(srcdir)'
am__leading_dot='.'
am__quote=''
am__tar='${AMTAR} chof - "$$tardir"'
am__untar='${AMTAR} xf -'
bindir='${exec_prefix}/bin'
build='i686-apple-darwin19.5.0'
build_alias=''
build_cpu='i686'
build_os='darwin19.5.0'
build_vendor='apple'
datadir='${datarootdir}'
datarootdir='${prefix}/share'
docdir='${datarootdir}/doc/${PACKAGE_TARNAME}'
dvidir='${docdir}'
exec_prefix='NONE'
host='i386-apple-darwin'
host_alias='i386-apple-darwin'
host_cpu='i386'
host_os='darwin'
host_vendor='apple'
htmldir='${docdir}'
includedir='${prefix}/include'
infodir='${datarootdir}/info'
install_sh='${SHELL} /Users/bytedance/Audio-Video-Learning/LearningAudioVideo/lame-3.99.5/install-sh'
libdir='${exec_prefix}/lib'
libexecdir='${exec_prefix}/libexec'
localedir='${datarootdir}/locale'
localstatedir='${prefix}/var'
mandir='${datarootdir}/man'
mkdir_p='/Users/bytedance/Audio-Video-Learning/LearningAudioVideo/lame-3.99.5/./install-sh -c -d'
oldincludedir='/usr/include'
pdfdir='${docdir}'
prefix='/Users/bytedance/Audio-Video-Learning/LearningAudioVideo/lame-3.99.5/thin-lame/i386'
program_transform_name='s,x,x,'
psdir='${docdir}'
sbindir='${exec_prefix}/sbin'
sharedstatedir='${prefix}/com'
sysconfdir='${prefix}/etc'
target_alias=''

## ----------- ##
## confdefs.h. ##
## ----------- ##

/* confdefs.h */
#define PACKAGE_NAME "lame"
#define PACKAGE_TARNAME "lame"
#define PACKAGE_VERSION "3.99.5"
#define PACKAGE_STRING "lame 3.99.5"
#define PACKAGE_BUGREPORT "lame-dev@lists.sf.net"
#define PACKAGE_URL ""
#define PACKAGE "lame"
#define VERSION "3.99.5"

configure: exit 77
